[0m12:14:57.765937 [debug] [MainThread]: Sending event: {'category': 'dbt', 'action': 'invocation', 'label': 'start', 'context': [<snowplow_tracker.self_describing_json.SelfDescribingJson object at 0x1099530e0>, <snowplow_tracker.self_describing_json.SelfDescribingJson object at 0x109172d20>, <snowplow_tracker.self_describing_json.SelfDescribingJson object at 0x109b4b920>]}


============================== 12:14:57.778641 | 5c82906d-5ed0-48e0-b2e5-def079094e77 ==============================
[0m12:14:57.778641 [info ] [MainThread]: Running with dbt=1.11.11
[0m12:14:57.779402 [debug] [MainThread]: running dbt with arguments {'partial_parse': 'True', 'use_colors': 'True', 'use_experimental_parser': 'False', 'send_anonymous_usage_stats': 'True', 'no_print': 'None', 'log_cache_events': 'False', 'version_check': 'True', 'warn_error': 'None', 'empty': 'None', 'introspect': 'True', 'profiles_dir': '/Users/macbook/.dbt', 'log_format': 'default', 'cache_selected_only': 'False', 'log_path': 'logs', 'target_path': 'None', 'warn_error_options': 'WarnErrorOptionsV2(error=[], warn=[], silence=[])', 'static_parser': 'True', 'debug': 'False', 'invocation_command': 'dbt debug', 'fail_fast': 'False', 'quiet': 'False', 'printer_width': '80', 'write_json': 'True', 'indirect_selection': 'eager'}
[0m12:14:57.804277 [info ] [MainThread]: dbt version: 1.11.11
[0m12:14:57.804800 [info ] [MainThread]: python version: 3.12.13
[0m12:14:57.805495 [info ] [MainThread]: python path: /Users/macbook/Documents/DBT/dbt-env/bin/python3.12
[0m12:14:57.806125 [info ] [MainThread]: os info: macOS-15.7.5-x86_64-i386-64bit
[0m12:14:57.806659 [info ] [MainThread]: Using profiles dir at /Users/macbook/.dbt
[0m12:14:57.807097 [info ] [MainThread]: Using profiles.yml file at /Users/macbook/.dbt/profiles.yml
[0m12:14:57.807496 [info ] [MainThread]: Using dbt_project.yml file at /Users/macbook/Documents/DBT/dbt_project.yml
[0m12:14:57.807929 [info ] [MainThread]: Configuration:
[0m12:14:57.808323 [info ] [MainThread]:   profiles.yml file [[31mERROR not found[0m]
[0m12:14:57.808706 [info ] [MainThread]:   dbt_project.yml file [[31mERROR not found[0m]
[0m12:14:57.809089 [info ] [MainThread]: Required dependencies:
[0m12:14:57.809766 [debug] [MainThread]: Executing "git --help"
[0m12:14:57.841827 [debug] [MainThread]: STDOUT: "b"usage: git [-v | --version] [-h | --help] [-C <path>] [-c <name>=<value>]\n           [--exec-path[=<path>]] [--html-path] [--man-path] [--info-path]\n           [-p | --paginate | -P | --no-pager] [--no-replace-objects] [--bare]\n           [--git-dir=<path>] [--work-tree=<path>] [--namespace=<name>]\n           [--super-prefix=<path>] [--config-env=<name>=<envvar>]\n           <command> [<args>]\n\nThese are common Git commands used in various situations:\n\nstart a working area (see also: git help tutorial)\n   clone     Clone a repository into a new directory\n   init      Create an empty Git repository or reinitialize an existing one\n\nwork on the current change (see also: git help everyday)\n   add       Add file contents to the index\n   mv        Move or rename a file, a directory, or a symlink\n   restore   Restore working tree files\n   rm        Remove files from the working tree and from the index\n\nexamine the history and state (see also: git help revisions)\n   bisect    Use binary search to find the commit that introduced a bug\n   diff      Show changes between commits, commit and working tree, etc\n   grep      Print lines matching a pattern\n   log       Show commit logs\n   show      Show various types of objects\n   status    Show the working tree status\n\ngrow, mark and tweak your common history\n   branch    List, create, or delete branches\n   commit    Record changes to the repository\n   merge     Join two or more development histories together\n   rebase    Reapply commits on top of another base tip\n   reset     Reset current HEAD to the specified state\n   switch    Switch branches\n   tag       Create, list, delete or verify a tag object signed with GPG\n\ncollaborate (see also: git help workflows)\n   fetch     Download objects and refs from another repository\n   pull      Fetch from and integrate with another repository or a local branch\n   push      Update remote refs along with associated objects\n\n'git help -a' and 'git help -g' list available subcommands and some\nconcept guides. See 'git help <command>' or 'git help <concept>'\nto read about a specific subcommand or concept.\nSee 'git help git' for an overview of the system.\n""
[0m12:14:57.842868 [debug] [MainThread]: STDERR: "b''"
[0m12:14:57.843301 [info ] [MainThread]:  - git [[32mOK found[0m]

[0m12:14:57.843741 [info ] [MainThread]: Connection test skipped since no profile was found
[0m12:14:57.844265 [info ] [MainThread]: [31m2 checks failed:[0m
[0m12:14:57.844873 [info ] [MainThread]: dbt looked for a profiles.yml file in /Users/macbook/.dbt/profiles.yml, but did
not find one. For more information on configuring your profile, consult the
documentation:

https://docs.getdbt.com/docs/configure-your-profile


[0m12:14:57.845419 [info ] [MainThread]: Project loading failed for the following reason:
 project path </Users/macbook/Documents/DBT/dbt_project.yml> not found

[0m12:14:58.176025 [debug] [MainThread]: Resource report: {"command_name": "debug", "command_success": false, "command_wall_clock_time": 0.5096182, "process_in_blocks": "0", "process_kernel_time": 0.227341, "process_mem_max_rss": "103575552", "process_out_blocks": "0", "process_user_time": 1.728663}
[0m12:14:58.176891 [debug] [MainThread]: Command `dbt debug` failed at 12:14:58.176723 after 0.51 seconds
[0m12:14:58.177552 [debug] [MainThread]: Sending event: {'category': 'dbt', 'action': 'invocation', 'label': 'end', 'context': [<snowplow_tracker.self_describing_json.SelfDescribingJson object at 0x10959a780>, <snowplow_tracker.self_describing_json.SelfDescribingJson object at 0x109c05790>, <snowplow_tracker.self_describing_json.SelfDescribingJson object at 0x109ba5370>]}
[0m12:14:58.178199 [debug] [MainThread]: Flushing usage events
[0m12:14:58.875668 [debug] [MainThread]: An error was encountered while trying to flush usage events
[0m12:15:27.832839 [debug] [MainThread]: Sending event: {'category': 'dbt', 'action': 'invocation', 'label': 'start', 'context': [<snowplow_tracker.self_describing_json.SelfDescribingJson object at 0x10a466030>, <snowplow_tracker.self_describing_json.SelfDescribingJson object at 0x10ab4bdd0>, <snowplow_tracker.self_describing_json.SelfDescribingJson object at 0x10ab4bb60>]}


============================== 12:15:27.843140 | c3ba5ed1-27f3-4c0b-a12a-a72295aed77e ==============================
[0m12:15:27.843140 [info ] [MainThread]: Running with dbt=1.11.11
[0m12:15:27.844218 [debug] [MainThread]: running dbt with arguments {'introspect': 'True', 'use_experimental_parser': 'False', 'use_colors': 'True', 'static_parser': 'True', 'log_cache_events': 'False', 'quiet': 'False', 'debug': 'False', 'warn_error_options': 'WarnErrorOptionsV2(error=[], warn=[], silence=[])', 'version_check': 'True', 'target_path': 'None', 'send_anonymous_usage_stats': 'True', 'write_json': 'True', 'log_format': 'default', 'cache_selected_only': 'False', 'printer_width': '80', 'profiles_dir': '/Users/macbook/.dbt', 'fail_fast': 'False', 'empty': 'None', 'invocation_command': 'dbt init', 'log_path': 'logs', 'warn_error': 'None', 'no_print': 'None', 'partial_parse': 'True', 'indirect_selection': 'eager'}
[0m12:15:27.869752 [info ] [MainThread]: Creating dbt configuration folder at /Users/macbook/.dbt
[0m12:15:59.283028 [debug] [MainThread]: Starter project path: /Users/macbook/Documents/DBT/dbt-env/lib/python3.12/site-packages/dbt/include/starter_project
[0m12:15:59.291692 [info ] [MainThread]: 
Your new dbt project "My_dbt_project" was created!

For more information on how to configure the profiles.yml file,
please consult the dbt documentation here:

  https://docs.getdbt.com/docs/configure-your-profile

One more thing:

Need help? Don't hesitate to reach out to us via GitHub issues or on Slack:

  https://community.getdbt.com/

Happy modeling!

[0m12:15:59.292237 [info ] [MainThread]: Setting up your profile.
[0m12:15:59.293173 [error] [MainThread]: Encountered an error:
Runtime Error
  No adapters available. Learn how to install an adapter by going to https://docs.getdbt.com/docs/connect-adapters#install-using-the-cli
[0m12:15:59.296237 [debug] [MainThread]: Resource report: {"command_name": "init", "command_success": false, "command_wall_clock_time": 31.553188, "process_in_blocks": "0", "process_kernel_time": 0.225945, "process_mem_max_rss": "102612992", "process_out_blocks": "0", "process_user_time": 1.696355}
[0m12:15:59.296970 [debug] [MainThread]: Command `dbt init` failed at 12:15:59.296806 after 31.55 seconds
[0m12:15:59.297502 [debug] [MainThread]: Sending event: {'category': 'dbt', 'action': 'invocation', 'label': 'end', 'context': [<snowplow_tracker.self_describing_json.SelfDescribingJson object at 0x10ab4be00>, <snowplow_tracker.self_describing_json.SelfDescribingJson object at 0x10aba7b30>, <snowplow_tracker.self_describing_json.SelfDescribingJson object at 0x10ab76de0>]}
[0m12:15:59.298038 [debug] [MainThread]: Flushing usage events
[0m12:16:00.024659 [debug] [MainThread]: An error was encountered while trying to flush usage events
